SonarQube plugins:
  - C# 5.0 (csharp)
  - Java 3.13.1 (java)
  - SVN 1.3 (scmsvn)
  - Git 1.2 (scmgit)
  - JavaScript 2.11 (javascript)
Global properties:
  - sonar.core.id=20180220123452
  - sonar.core.startTime=2018-02-20T12:34:52-0500
  - sonar.core.version=5.6.6
  - sonar.permission.template.default=default_template
  - sonar.qualitygate=1
Settings for module: FactService
  - sonar.projectBaseDir=C:\Users\rober\Desktop\ServiFac\src
  - sonar.projectKey=FactService
  - sonar.projectName=Factservice
  - sonar.projectVersion=1.0
  - sonar.sourceEncoding=windows-1252
  - sonar.sources=C:/Users/rober/Desktop/ServiFac/src
  - sonar.working.directory=C:\Users\rober\Desktop\ServiFac\src\.sonar
